# JRE version: OpenJDK Runtime Environment (8.0_202) (build 1.8.0_202-release-1483-b49-5587405)
# Java VM: OpenJDK 64-Bit Server VM (25.202-b49-5587405 mixed mode linux-amd64 compressed oops)
Heap:
 PSYoungGen      total 390656K, used 0K [0x00000000e0000000, 0x0000000100000000, 0x0000000100000000)
  eden space 257024K, 0% used [0x00000000e0000000,0x00000000e0000000,0x00000000efb00000)
  from space 133632K, 0% used [0x00000000efb00000,0x00000000efb00000,0x00000000f7d80000)
  to   space 125952K, 0% used [0x00000000f8500000,0x00000000f8500000,0x0000000100000000)
 ParOldGen       total 330752K, used 207723K [0x00000000a0000000, 0x00000000b4300000, 0x00000000e0000000)
  object space 330752K, 62% used [0x00000000a0000000,0x00000000acadaed0,0x00000000b4300000)
 Metaspace       used 111928K, capacity 120178K, committed 120408K, reserved 1155072K
  class space    used 13886K, capacity 15346K, committed 15488K, reserved 1048576K
GC Heap History (10 events):
Event: 1228.288 GC heap after
Heap after GC invocations=132 (full 7):
 PSYoungGen      total 432640K, used 17914K [0x00000000e0000000, 0x00000000ff500000, 0x0000000100000000)
  eden space 351232K, 0% used [0x00000000e0000000,0x00000000e0000000,0x00000000f5700000)
  from space 81408K, 22% used [0x00000000f5700000,0x00000000f687e838,0x00000000fa680000)
  to   space 76800K, 0% used [0x00000000faa00000,0x00000000faa00000,0x00000000ff500000)
 ParOldGen       total 330752K, used 140545K [0x00000000a0000000, 0x00000000b4300000, 0x00000000e0000000)
  object space 330752K, 42% used [0x00000000a0000000,0x00000000a8940510,0x00000000b4300000)
 Metaspace       used 111963K, capacity 120290K, committed 120408K, reserved 1155072K
  class space    used 13898K, capacity 15386K, committed 15488K, reserved 1048576K
}
Event: 1228.836 GC heap before
{Heap before GC invocations=133 (full 7):
 PSYoungGen      total 432640K, used 369146K [0x00000000e0000000, 0x00000000ff500000, 0x0000000100000000)
  eden space 351232K, 100% used [0x00000000e0000000,0x00000000f5700000,0x00000000f5700000)
  from space 81408K, 22% used [0x00000000f5700000,0x00000000f687e838,0x00000000fa680000)
  to   space 76800K, 0% used [0x00000000faa00000,0x00000000faa00000,0x00000000ff500000)
 ParOldGen       total 330752K, used 140545K [0x00000000a0000000, 0x00000000b4300000, 0x00000000e0000000)
  object space 330752K, 42% used [0x00000000a0000000,0x00000000a8940510,0x00000000b4300000)
 Metaspace       used 111965K, capacity 120290K, committed 120408K, reserved 1155072K
  class space    used 13898K, capacity 15386K, committed 15488K, reserved 1048576K
Event: 1228.849 GC heap after
Heap after GC invocations=133 (full 7):
 PSYoungGen      total 438272K, used 7595K [0x00000000e0000000, 0x00000000ff780000, 0x0000000100000000)
  eden space 361472K, 0% used [0x00000000e0000000,0x00000000e0000000,0x00000000f6100000)
  from space 76800K, 9% used [0x00000000faa00000,0x00000000fb16afa8,0x00000000ff500000)
  to   space 74752K, 0% used [0x00000000f6100000,0x00000000f6100000,0x00000000faa00000)
 ParOldGen       total 330752K, used 143376K [0x00000000a0000000, 0x00000000b4300000, 0x00000000e0000000)
  object space 330752K, 43% used [0x00000000a0000000,0x00000000a8c04000,0x00000000b4300000)
 Metaspace       used 111965K, capacity 120290K, committed 120408K, reserved 1155072K
  class space    used 13898K, capacity 15386K, committed 15488K, reserved 1048576K
}
Event: 1230.344 GC heap before
{Heap before GC invocations=134 (full 7):
 PSYoungGen      total 438272K, used 368838K [0x00000000e0000000, 0x00000000ff780000, 0x0000000100000000)
  eden space 361472K, 99% used [0x00000000e0000000,0x00000000f60c68b8,0x00000000f6100000)
  from space 76800K, 9% used [0x00000000faa00000,0x00000000fb16afa8,0x00000000ff500000)
  to   space 74752K, 0% used [0x00000000f6100000,0x00000000f6100000,0x00000000faa00000)
 ParOldGen       total 330752K, used 143376K [0x00000000a0000000, 0x00000000b4300000, 0x00000000e0000000)
  object space 330752K, 43% used [0x00000000a0000000,0x00000000a8c04000,0x00000000b4300000)
 Metaspace       used 111971K, capacity 120298K, committed 120408K, reserved 1155072K
  class space    used 13898K, capacity 15386K, committed 15488K, reserved 1048576K
Event: 1230.468 GC heap after
Heap after GC invocations=134 (full 7):
 PSYoungGen      total 436224K, used 74721K [0x00000000e0000000, 0x0000000100000000, 0x0000000100000000)
  eden space 361472K, 0% used [0x00000000e0000000,0x00000000e0000000,0x00000000f6100000)
  from space 74752K, 99% used [0x00000000f6100000,0x00000000fa9f8760,0x00000000faa00000)
  to   space 88064K, 0% used [0x00000000faa00000,0x00000000faa00000,0x0000000100000000)
 ParOldGen       total 330752K, used 168745K [0x00000000a0000000, 0x00000000b4300000, 0x00000000e0000000)
  object space 330752K, 51% used [0x00000000a0000000,0x00000000aa4ca790,0x00000000b4300000)
 Metaspace       used 111971K, capacity 120298K, committed 120408K, reserved 1155072K
  class space    used 13898K, capacity 15386K, committed 15488K, reserved 1048576K
}
Event: 1232.376 GC heap before
{Heap before GC invocations=135 (full 7):
 PSYoungGen      total 436224K, used 436193K [0x00000000e0000000, 0x0000000100000000, 0x0000000100000000)
  eden space 361472K, 100% used [0x00000000e0000000,0x00000000f6100000,0x00000000f6100000)
  from space 74752K, 99% used [0x00000000f6100000,0x00000000fa9f8760,0x00000000faa00000)
  to   space 88064K, 0% used [0x00000000faa00000,0x00000000faa00000,0x0000000100000000)
 ParOldGen       total 330752K, used 168745K [0x00000000a0000000, 0x00000000b4300000, 0x00000000e0000000)
  object space 330752K, 51% used [0x00000000a0000000,0x00000000aa4ca790,0x00000000b4300000)
 Metaspace       used 111973K, capacity 120298K, committed 120408K, reserved 1155072K
  class space    used 13898K, capacity 15386K, committed 15488K, reserved 1048576K
Event: 1232.561 GC heap after
Heap after GC invocations=135 (full 7):
 PSYoungGen      total 345088K, used 88048K [0x00000000e0000000, 0x0000000100000000, 0x0000000100000000)
  eden space 257024K, 0% used [0x00000000e0000000,0x00000000e0000000,0x00000000efb00000)
  from space 88064K, 99% used [0x00000000faa00000,0x00000000ffffc1f0,0x0000000100000000)
  to   space 133632K, 0% used [0x00000000efb00000,0x00000000efb00000,0x00000000f7d80000)
 ParOldGen       total 330752K, used 224818K [0x00000000a0000000, 0x00000000b4300000, 0x00000000e0000000)
  object space 330752K, 67% used [0x00000000a0000000,0x00000000adb8c880,0x00000000b4300000)
 Metaspace       used 111973K, capacity 120298K, committed 120408K, reserved 1155072K
  class space    used 13898K, capacity 15386K, committed 15488K, reserved 1048576K
}
Event: 1233.548 GC heap before
{Heap before GC invocations=136 (full 7):
 PSYoungGen      total 345088K, used 345072K [0x00000000e0000000, 0x0000000100000000, 0x0000000100000000)
  eden space 257024K, 100% used [0x00000000e0000000,0x00000000efb00000,0x00000000efb00000)
  from space 88064K, 99% used [0x00000000faa00000,0x00000000ffffc1f0,0x0000000100000000)
  to   space 133632K, 0% used [0x00000000efb00000,0x00000000efb00000,0x00000000f7d80000)
 ParOldGen       total 330752K, used 224818K [0x00000000a0000000, 0x00000000b4300000, 0x00000000e0000000)
  object space 330752K, 67% used [0x00000000a0000000,0x00000000adb8c880,0x00000000b4300000)
 Metaspace       used 111974K, capacity 120298K, committed 120408K, reserved 1155072K
  class space    used 13898K, capacity 15386K, committed 15488K, reserved 1048576K
Event: 1233.720 GC heap after
Heap after GC invocations=136 (full 7):
 PSYoungGen      total 390656K, used 31422K [0x00000000e0000000, 0x0000000100000000, 0x0000000100000000)
  eden space 257024K, 0% used [0x00000000e0000000,0x00000000e0000000,0x00000000efb00000)
  from space 133632K, 23% used [0x00000000efb00000,0x00000000f19afb38,0x00000000f7d80000)
  to   space 125952K, 0% used [0x00000000f8500000,0x00000000f8500000,0x0000000100000000)
 ParOldGen       total 330752K, used 307283K [0x00000000a0000000, 0x00000000b4300000, 0x00000000e0000000)
  object space 330752K, 92% used [0x00000000a0000000,0x00000000b2c14f38,0x00000000b4300000)
 Metaspace       used 111974K, capacity 120298K, committed 120408K, reserved 1155072K
  class space    used 13898K, capacity 15386K, committed 15488K, reserved 1048576K
}
Event: 1233.728 GC heap before
{Heap before GC invocations=137 (full 8):
 PSYoungGen      total 390656K, used 31422K [0x00000000e0000000, 0x0000000100000000, 0x0000000100000000)
  eden space 257024K, 0% used [0x00000000e0000000,0x00000000e0000000,0x00000000efb00000)
  from space 133632K, 23% used [0x00000000efb00000,0x00000000f19afb38,0x00000000f7d80000)
  to   space 125952K, 0% used [0x00000000f8500000,0x00000000f8500000,0x0000000100000000)
 ParOldGen       total 330752K, used 307283K [0x00000000a0000000, 0x00000000b4300000, 0x00000000e0000000)
  object space 330752K, 92% used [0x00000000a0000000,0x00000000b2c14f38,0x00000000b4300000)
 Metaspace       used 111974K, capacity 120298K, committed 120408K, reserved 1155072K
  class space    used 13898K, capacity 15386K, committed 15488K, reserved 1048576K

